<?xml version="1.0" encoding="UTF-8"?>
<coverage generated="1685864689364" clover="3.2.0">
  <project timestamp="1685864689364" name="All files">
    <metrics statements="32" coveredstatements="30" conditionals="24" coveredconditionals="23" methods="2" coveredmethods="2" elements="58" coveredelements="55" complexity="0" loc="32" ncloc="32" packages="1" files="1" classes="1"/>
    <file name="genDiff.js" path="/home/nadya/frontend-project-46/src/genDiff.js">
      <metrics statements="32" coveredstatements="30" conditionals="24" coveredconditionals="23" methods="2" coveredmethods="2"/>
      <line num="5" count="1" type="stmt"/>
      <line num="6" count="2" type="cond" truecount="1" falsecount="1"/>
      <line num="7" count="0" type="stmt"/>
      <line num="8" count="0" type="stmt"/>
      <line num="10" count="2" type="stmt"/>
      <line num="11" count="2" type="stmt"/>
      <line num="14" count="1" type="stmt"/>
      <line num="15" count="1" type="stmt"/>
      <line num="16" count="1" type="stmt"/>
      <line num="17" count="1" type="stmt"/>
      <line num="18" count="1" type="stmt"/>
      <line num="19" count="1" type="stmt"/>
      <line num="20" count="1" type="stmt"/>
      <line num="21" count="1" type="stmt"/>
      <line num="22" count="1" type="stmt"/>
      <line num="23" count="1" type="stmt"/>
      <line num="24" count="1" type="stmt"/>
      <line num="25" count="1" type="stmt"/>
      <line num="26" count="1" type="stmt"/>
      <line num="27" count="7" type="cond" truecount="6" falsecount="0"/>
      <line num="28" count="2" type="stmt"/>
      <line num="30" count="7" type="cond" truecount="5" falsecount="0"/>
      <line num="31" count="2" type="stmt"/>
      <line num="33" count="7" type="cond" truecount="6" falsecount="0"/>
      <line num="34" count="2" type="stmt"/>
      <line num="35" count="2" type="stmt"/>
      <line num="37" count="7" type="cond" truecount="5" falsecount="0"/>
      <line num="38" count="1" type="stmt"/>
      <line num="40" count="1" type="stmt"/>
      <line num="41" count="1" type="stmt"/>
      <line num="42" count="1" type="stmt"/>
      <line num="43" count="1" type="stmt"/>
    </file>
  </project>
</coverage>
