{"/home/nadya/frontend-project-46/src/genDiff.js": {"path":"/home/nadya/frontend-project-46/src/genDiff.js","statementMap":{"0":{"start":{"line":5,"column":16},"end":{"line":12,"column":1}},"1":{"start":{"line":6,"column":2},"end":{"line":9,"column":3}},"2":{"start":{"line":7,"column":21},"end":{"line":7,"column":39}},"3":{"start":{"line":8,"column":4},"end":{"line":8,"column":20}},"4":{"start":{"line":10,"column":19},"end":{"line":10,"column":53}},"5":{"start":{"line":11,"column":2},"end":{"line":11,"column":18}},"6":{"start":{"line":14,"column":16},"end":{"line":44,"column":1}},"7":{"start":{"line":15,"column":20},"end":{"line":15,"column":34}},"8":{"start":{"line":16,"column":20},"end":{"line":16,"column":34}},"9":{"start":{"line":17,"column":16},"end":{"line":17,"column":48}},"10":{"start":{"line":18,"column":16},"end":{"line":18,"column":48}},"11":{"start":{"line":19,"column":21},"end":{"line":19,"column":38}},"12":{"start":{"line":20,"column":21},"end":{"line":20,"column":38}},"13":{"start":{"line":21,"column":16},"end":{"line":21,"column":39}},"14":{"start":{"line":22,"column":16},"end":{"line":22,"column":39}},"15":{"start":{"line":23,"column":18},"end":{"line":23,"column":38}},"16":{"start":{"line":24,"column":24},"end":{"line":24,"column":41}},"17":{"start":{"line":25,"column":17},"end":{"line":25,"column":19}},"18":{"start":{"line":26,"column":2},"end":{"line":39,"column":6}},"19":{"start":{"line":27,"column":4},"end":{"line":29,"column":5}},"20":{"start":{"line":28,"column":6},"end":{"line":28,"column":56}},"21":{"start":{"line":30,"column":4},"end":{"line":32,"column":5}},"22":{"start":{"line":31,"column":6},"end":{"line":31,"column":56}},"23":{"start":{"line":33,"column":4},"end":{"line":36,"column":5}},"24":{"start":{"line":34,"column":6},"end":{"line":34,"column":56}},"25":{"start":{"line":35,"column":6},"end":{"line":35,"column":56}},"26":{"start":{"line":37,"column":4},"end":{"line":39,"column":5}},"27":{"start":{"line":38,"column":6},"end":{"line":38,"column":56}},"28":{"start":{"line":40,"column":21},"end":{"line":40,"column":35}},"29":{"start":{"line":41,"column":23},"end":{"line":41,"column":41}},"30":{"start":{"line":42,"column":20},"end":{"line":42,"column":50}},"31":{"start":{"line":43,"column":2},"end":{"line":43,"column":28}}},"fnMap":{"0":{"name":"(anonymous_0)","decl":{"start":{"line":5,"column":16},"end":{"line":5,"column":17}},"loc":{"start":{"line":5,"column":26},"end":{"line":12,"column":1}},"line":5},"1":{"name":"(anonymous_1)","decl":{"start":{"line":14,"column":16},"end":{"line":14,"column":17}},"loc":{"start":{"line":14,"column":34},"end":{"line":44,"column":1}},"line":14}},"branchMap":{"0":{"loc":{"start":{"line":6,"column":2},"end":{"line":9,"column":3}},"type":"if","locations":[{"start":{"line":6,"column":2},"end":{"line":9,"column":3}},{"start":{},"end":{}}],"line":6},"1":{"loc":{"start":{"line":27,"column":4},"end":{"line":29,"column":5}},"type":"if","locations":[{"start":{"line":27,"column":4},"end":{"line":29,"column":5}},{"start":{},"end":{}}],"line":27},"2":{"loc":{"start":{"line":27,"column":8},"end":{"line":27,"column":120}},"type":"binary-expr","locations":[{"start":{"line":27,"column":8},"end":{"line":27,"column":30}},{"start":{"line":27,"column":34},"end":{"line":27,"column":56}},{"start":{"line":27,"column":60},"end":{"line":27,"column":95}},{"start":{"line":27,"column":99},"end":{"line":27,"column":120}}],"line":27},"3":{"loc":{"start":{"line":30,"column":4},"end":{"line":32,"column":5}},"type":"if","locations":[{"start":{"line":30,"column":4},"end":{"line":32,"column":5}},{"start":{},"end":{}}],"line":30},"4":{"loc":{"start":{"line":30,"column":8},"end":{"line":30,"column":82}},"type":"binary-expr","locations":[{"start":{"line":30,"column":8},"end":{"line":30,"column":30}},{"start":{"line":30,"column":34},"end":{"line":30,"column":57}},{"start":{"line":30,"column":61},"end":{"line":30,"column":82}}],"line":30},"5":{"loc":{"start":{"line":33,"column":4},"end":{"line":36,"column":5}},"type":"if","locations":[{"start":{"line":33,"column":4},"end":{"line":36,"column":5}},{"start":{},"end":{}}],"line":33},"6":{"loc":{"start":{"line":33,"column":8},"end":{"line":33,"column":120}},"type":"binary-expr","locations":[{"start":{"line":33,"column":8},"end":{"line":33,"column":30}},{"start":{"line":33,"column":34},"end":{"line":33,"column":56}},{"start":{"line":33,"column":60},"end":{"line":33,"column":95}},{"start":{"line":33,"column":99},"end":{"line":33,"column":120}}],"line":33},"7":{"loc":{"start":{"line":37,"column":4},"end":{"line":39,"column":5}},"type":"if","locations":[{"start":{"line":37,"column":4},"end":{"line":39,"column":5}},{"start":{},"end":{}}],"line":37},"8":{"loc":{"start":{"line":37,"column":8},"end":{"line":37,"column":82}},"type":"binary-expr","locations":[{"start":{"line":37,"column":8},"end":{"line":37,"column":30}},{"start":{"line":37,"column":34},"end":{"line":37,"column":57}},{"start":{"line":37,"column":61},"end":{"line":37,"column":82}}],"line":37}},"s":{"0":1,"1":2,"2":0,"3":0,"4":2,"5":2,"6":1,"7":1,"8":1,"9":1,"10":1,"11":1,"12":1,"13":1,"14":1,"15":1,"16":1,"17":1,"18":1,"19":7,"20":2,"21":7,"22":2,"23":7,"24":2,"25":2,"26":7,"27":1,"28":1,"29":1,"30":1,"31":1},"f":{"0":2,"1":1},"b":{"0":[0,2],"1":[2,5],"2":[7,6,4,2],"3":[2,5],"4":[7,6,2],"5":[2,5],"6":[7,6,4,2],"7":[1,6],"8":[7,5,1]},"_coverageSchema":"1a1c01bbd47fc00a2c39e90264f33305004495a9","hash":"cb7343688887ee74c189be1dfdde2a202d22529c"}
}
