TN:
SF:src/genDiff.js
FN:5,(anonymous_0)
FN:14,(anonymous_1)
FNF:2
FNH:2
FNDA:2,(anonymous_0)
FNDA:1,(anonymous_1)
DA:5,1
DA:6,2
DA:7,0
DA:8,0
DA:10,2
DA:11,2
DA:14,1
DA:15,1
DA:16,1
DA:17,1
DA:18,1
DA:19,1
DA:20,1
DA:21,1
DA:22,1
DA:23,1
DA:24,1
DA:25,1
DA:26,1
DA:27,7
DA:28,2
DA:30,7
DA:31,2
DA:33,7
DA:34,2
DA:35,2
DA:37,7
DA:38,1
DA:40,1
DA:41,1
DA:42,1
DA:43,1
LF:32
LH:30
BRDA:6,0,0,0
BRDA:6,0,1,2
BRDA:27,1,0,2
BRDA:27,1,1,5
BRDA:27,2,0,7
BRDA:27,2,1,6
BRDA:27,2,2,4
BRDA:27,2,3,2
BRDA:30,3,0,2
BRDA:30,3,1,5
BRDA:30,4,0,7
BRDA:30,4,1,6
BRDA:30,4,2,2
BRDA:33,5,0,2
BRDA:33,5,1,5
BRDA:33,6,0,7
BRDA:33,6,1,6
BRDA:33,6,2,4
BRDA:33,6,3,2
BRDA:37,7,0,1
BRDA:37,7,1,6
BRDA:37,8,0,7
BRDA:37,8,1,5
BRDA:37,8,2,1
BRF:24
BRH:23
end_of_record
